INFO 2025-07-07 16:08:15,670 autoreload 35365 8599723776 Watching for file changes with StatReloader
INFO 2025-07-07 16:08:34,498 autoreload 35624 8599723776 Watching for file changes with StatReloader
INFO 2025-07-07 16:09:51,282 autoreload 36357 8599723776 Watching for file changes with StatReloader
INFO 2025-07-07 16:11:13,097 autoreload 37130 8599723776 Watching for file changes with StatReloader
INFO 2025-07-07 16:12:31,021 autoreload 37961 8599723776 Watching for file changes with StatReloader
INFO 2025-07-07 16:15:48,001 autoreload 39665 8599723776 Watching for file changes with StatReloader
INFO 2025-07-07 16:16:43,807 autoreload 40218 8599723776 Watching for file changes with StatReloader
INFO 2025-07-07 16:22:54,268 autoreload 44444 8599723776 Watching for file changes with StatReloader
INFO 2025-07-07 16:23:19,170 autoreload 44813 8599723776 Watching for file changes with StatReloader
ERROR 2025-07-07 16:23:20,708 log 44813 6163214336 Internal Server Error: /
Traceback (most recent call last):
  File "/Library/Frameworks/Python.framework/Versions/3.13/lib/python3.13/site-packages/django/core/handlers/exception.py", line 55, in inner
    response = get_response(request)
  File "/Library/Frameworks/Python.framework/Versions/3.13/lib/python3.13/site-packages/django/core/handlers/base.py", line 197, in _get_response
    response = wrapped_callback(request, *callback_args, **callback_kwargs)
  File "/Library/Frameworks/Python.framework/Versions/3.13/lib/python3.13/site-packages/django/views/generic/base.py", line 104, in view
    return self.dispatch(request, *args, **kwargs)
           ~~~~~~~~~~~~~^^^^^^^^^^^^^^^^^^^^^^^^^^
  File "/Library/Frameworks/Python.framework/Versions/3.13/lib/python3.13/site-packages/django/views/generic/base.py", line 143, in dispatch
    return handler(request, *args, **kwargs)
  File "/Library/Frameworks/Python.framework/Versions/3.13/lib/python3.13/site-packages/django/views/generic/base.py", line 226, in get
    context = self.get_context_data(**kwargs)
  File "/Users/umutaraz/Desktop/Tüm Projelerim/ApartmentManagement/core/views.py", line 25, in get_context_data
    context['residents_count'] = Building.objects.aggregate(
                                 ~~~~~~~~~~~~~~~~~~~~~~~~~~^
        total=Sum('apartments__apartment_count')
        ^^^^^^^^^^^^^^^^^^^^^^^^^^^^^^^^^^^^^^^^
    )['total'] or 0
    ^
  File "/Library/Frameworks/Python.framework/Versions/3.13/lib/python3.13/site-packages/django/db/models/manager.py", line 87, in manager_method
    return getattr(self.get_queryset(), name)(*args, **kwargs)
           ~~~~~~~~~~~~~~~~~~~~~~~~~~~~~~~~~~^^^^^^^^^^^^^^^^^
  File "/Library/Frameworks/Python.framework/Versions/3.13/lib/python3.13/site-packages/django/db/models/query.py", line 588, in aggregate
    return self.query.chain().get_aggregation(self.db, kwargs)
           ~~~~~~~~~~~~~~~~~~~~~~~~~~~~~~~~~~^^^^^^^^^^^^^^^^^
  File "/Library/Frameworks/Python.framework/Versions/3.13/lib/python3.13/site-packages/django/db/models/sql/query.py", line 460, in get_aggregation
    aggregate = aggregate_expr.resolve_expression(
        self, allow_joins=True, reuse=None, summarize=True
    )
  File "/Library/Frameworks/Python.framework/Versions/3.13/lib/python3.13/site-packages/django/db/models/aggregates.py", line 63, in resolve_expression
    c = super().resolve_expression(query, allow_joins, reuse, summarize)
  File "/Library/Frameworks/Python.framework/Versions/3.13/lib/python3.13/site-packages/django/db/models/expressions.py", line 300, in resolve_expression
    expr.resolve_expression(query, allow_joins, reuse, summarize)
    ~~~~~~~~~~~~~~~~~~~~~~~^^^^^^^^^^^^^^^^^^^^^^^^^^^^^^^^^^^^^^
  File "/Library/Frameworks/Python.framework/Versions/3.13/lib/python3.13/site-packages/django/db/models/expressions.py", line 902, in resolve_expression
    return query.resolve_ref(self.name, allow_joins, reuse, summarize)
           ~~~~~~~~~~~~~~~~~^^^^^^^^^^^^^^^^^^^^^^^^^^^^^^^^^^^^^^^^^^
  File "/Library/Frameworks/Python.framework/Versions/3.13/lib/python3.13/site-packages/django/db/models/sql/query.py", line 2062, in resolve_ref
    transform = join_info.transform_function(targets[0], final_alias)
  File "/Library/Frameworks/Python.framework/Versions/3.13/lib/python3.13/site-packages/django/db/models/sql/query.py", line 1920, in transform
    return self.try_transform(wrapped, name)
           ~~~~~~~~~~~~~~~~~~^^^^^^^^^^^^^^^
  File "/Library/Frameworks/Python.framework/Versions/3.13/lib/python3.13/site-packages/django/db/models/sql/query.py", line 1455, in try_transform
    raise FieldError(
    ...<2 lines>...
    )
django.core.exceptions.FieldError: Unsupported lookup 'apartment_count' for BigAutoField or join on the field not permitted.
ERROR 2025-07-07 16:23:20,711 basehttp 44813 6163214336 "GET / HTTP/1.1" 500 126807
INFO 2025-07-07 17:18:01,588 autoreload 71463 8599723776 Watching for file changes with StatReloader
INFO 2025-07-07 17:18:11,923 autoreload 71710 8599723776 Watching for file changes with StatReloader
INFO 2025-07-07 17:18:14,748 basehttp 71710 6155956224 "GET / HTTP/1.1" 200 22186
INFO 2025-07-07 17:18:14,848 basehttp 71710 6223261696 "GET /static/images/logo-sm.png HTTP/1.1" 200 3568
INFO 2025-07-07 17:18:14,850 basehttp 71710 6206435328 "GET /static/images/logo.png HTTP/1.1" 200 5428
INFO 2025-07-07 17:18:14,851 basehttp 71710 6155956224 "GET /static/css/vendor.min.css HTTP/1.1" 200 37938
INFO 2025-07-07 17:18:14,856 basehttp 71710 6189608960 "GET /static/css/icons.min.css HTTP/1.1" 200 376013
INFO 2025-07-07 17:18:14,857 basehttp 71710 6172782592 "GET /static/css/app.min.css HTTP/1.1" 200 440639
INFO 2025-07-07 17:18:14,868 basehttp 71710 6172782592 "GET /static/images/logo-dark.png HTTP/1.1" 200 5502
INFO 2025-07-07 17:18:14,875 basehttp 71710 6155956224 "GET /static/js/app.js HTTP/1.1" 200 17575
WARNING 2025-07-07 17:18:14,877 basehttp 71710 6206435328 "GET /static/images/building.svg HTTP/1.1" 404 1984
INFO 2025-07-07 17:18:14,884 basehttp 71710 6189608960 "GET /static/js/vendor.min.js HTTP/1.1" 200 534826
INFO 2025-07-07 17:18:15,037 basehttp 71710 6189608960 "GET /static/images/body-bg-light.jpg HTTP/1.1" 200 163957
INFO 2025-07-07 17:18:15,128 basehttp 71710 6189608960 "GET /static/fonts/remixicon44dd.woff2?t=1730118419915 HTTP/1.1" 200 174156
WARNING 2025-07-07 17:18:15,323 log 71710 6189608960 Not Found: /api/badges/
WARNING 2025-07-07 17:18:15,325 log 71710 6155956224 Not Found: /notifications/ajax/list/
WARNING 2025-07-07 17:18:15,325 basehttp 71710 6189608960 "GET /api/badges/ HTTP/1.1" 404 5560
WARNING 2025-07-07 17:18:15,325 basehttp 71710 6155956224 "GET /notifications/ajax/list/ HTTP/1.1" 404 6903
INFO 2025-07-07 17:18:15,372 basehttp 71710 6189608960 "GET /static/images/favicon.ico HTTP/1.1" 200 109599
INFO 2025-07-07 17:44:20,599 autoreload 86692 8599723776 Watching for file changes with StatReloader
WARNING 2025-07-07 17:44:34,584 log 86692 6194868224 Not Found: /api/
WARNING 2025-07-07 17:44:34,585 basehttp 86692 6194868224 "GET /api/ HTTP/1.1" 404 5539
INFO 2025-07-07 17:46:00,443 autoreload 86692 8599723776 /Users/umutaraz/Desktop/Tüm Projelerim/ApartmentManagement/packages/models.py changed, reloading.
INFO 2025-07-07 17:46:01,353 autoreload 87480 8599723776 Watching for file changes with StatReloader
INFO 2025-07-07 17:47:05,745 autoreload 87480 8599723776 /Users/umutaraz/Desktop/Tüm Projelerim/ApartmentManagement/apartment_project/settings.py changed, reloading.
INFO 2025-07-07 17:47:06,543 autoreload 88078 8599723776 Watching for file changes with StatReloader
